 
****************************************
Report : power
        -analysis_effort high
Design : bitfusion
Version: P-2019.03-SP5-6
Date   : Thu May  8 20:14:15 2025
****************************************


Library(s) Used:

    tcbn65lptc1d0_ccs (File: /home/sparclab/a/li4509/TSMC2024/tcbn65lp_220a/tcbn65lp_220a/TSMCHOME/digital/Front_End/timing_power_noise/CCS/tcbn65lp_200a/tcbn65lptc1d0_ccs.db)


Operating Conditions: NC1D0COM   Library: tcbn65lptc1d0_ccs
Wire Load Model Mode: segmented

Design        Wire Load Model            Library
------------------------------------------------
bitfusion              ZeroWireload      tcbn65lptc1d0_ccs
WBUF_ARRAY_SIZE4_DATA_W32_15
                       ZeroWireload      tcbn65lptc1d0_ccs
w_mux_15               ZeroWireload      tcbn65lptc1d0_ccs
IBUF_ARRAY_SIZE4_DATA_W32_3
                       ZeroWireload      tcbn65lptc1d0_ccs
in_mux_3               ZeroWireload      tcbn65lptc1d0_ccs
fusion_unit_15         ZeroWireload      tcbn65lptc1d0_ccs
fusion_unit_14         ZeroWireload      tcbn65lptc1d0_ccs
accumulator_3          ZeroWireload      tcbn65lptc1d0_ccs
bit_brick_255          ZeroWireload      tcbn65lptc1d0_ccs
shift_add_15           ZeroWireload      tcbn65lptc1d0_ccs
WBUF_ARRAY_SIZE4_DATA_W32_0
                       ZeroWireload      tcbn65lptc1d0_ccs
WBUF_ARRAY_SIZE4_DATA_W32_1
                       ZeroWireload      tcbn65lptc1d0_ccs
WBUF_ARRAY_SIZE4_DATA_W32_2
                       ZeroWireload      tcbn65lptc1d0_ccs
WBUF_ARRAY_SIZE4_DATA_W32_3
                       ZeroWireload      tcbn65lptc1d0_ccs
WBUF_ARRAY_SIZE4_DATA_W32_4
                       ZeroWireload      tcbn65lptc1d0_ccs
WBUF_ARRAY_SIZE4_DATA_W32_5
                       ZeroWireload      tcbn65lptc1d0_ccs
WBUF_ARRAY_SIZE4_DATA_W32_6
                       ZeroWireload      tcbn65lptc1d0_ccs
WBUF_ARRAY_SIZE4_DATA_W32_7
                       ZeroWireload      tcbn65lptc1d0_ccs
WBUF_ARRAY_SIZE4_DATA_W32_8
                       ZeroWireload      tcbn65lptc1d0_ccs
WBUF_ARRAY_SIZE4_DATA_W32_9
                       ZeroWireload      tcbn65lptc1d0_ccs
WBUF_ARRAY_SIZE4_DATA_W32_10
                       ZeroWireload      tcbn65lptc1d0_ccs
WBUF_ARRAY_SIZE4_DATA_W32_11
                       ZeroWireload      tcbn65lptc1d0_ccs
WBUF_ARRAY_SIZE4_DATA_W32_12
                       ZeroWireload      tcbn65lptc1d0_ccs
WBUF_ARRAY_SIZE4_DATA_W32_13
                       ZeroWireload      tcbn65lptc1d0_ccs
WBUF_ARRAY_SIZE4_DATA_W32_14
                       ZeroWireload      tcbn65lptc1d0_ccs
w_mux_0                ZeroWireload      tcbn65lptc1d0_ccs
w_mux_1                ZeroWireload      tcbn65lptc1d0_ccs
w_mux_2                ZeroWireload      tcbn65lptc1d0_ccs
w_mux_3                ZeroWireload      tcbn65lptc1d0_ccs
w_mux_4                ZeroWireload      tcbn65lptc1d0_ccs
w_mux_5                ZeroWireload      tcbn65lptc1d0_ccs
w_mux_6                ZeroWireload      tcbn65lptc1d0_ccs
w_mux_7                ZeroWireload      tcbn65lptc1d0_ccs
w_mux_8                ZeroWireload      tcbn65lptc1d0_ccs
w_mux_9                ZeroWireload      tcbn65lptc1d0_ccs
w_mux_10               ZeroWireload      tcbn65lptc1d0_ccs
w_mux_11               ZeroWireload      tcbn65lptc1d0_ccs
w_mux_12               ZeroWireload      tcbn65lptc1d0_ccs
w_mux_13               ZeroWireload      tcbn65lptc1d0_ccs
w_mux_14               ZeroWireload      tcbn65lptc1d0_ccs
IBUF_ARRAY_SIZE4_DATA_W32_0
                       ZeroWireload      tcbn65lptc1d0_ccs
IBUF_ARRAY_SIZE4_DATA_W32_1
                       ZeroWireload      tcbn65lptc1d0_ccs
IBUF_ARRAY_SIZE4_DATA_W32_2
                       ZeroWireload      tcbn65lptc1d0_ccs
in_mux_0               ZeroWireload      tcbn65lptc1d0_ccs
in_mux_1               ZeroWireload      tcbn65lptc1d0_ccs
in_mux_2               ZeroWireload      tcbn65lptc1d0_ccs
fusion_unit_0          ZeroWireload      tcbn65lptc1d0_ccs
fusion_unit_1          ZeroWireload      tcbn65lptc1d0_ccs
fusion_unit_2          ZeroWireload      tcbn65lptc1d0_ccs
fusion_unit_3          ZeroWireload      tcbn65lptc1d0_ccs
fusion_unit_4          ZeroWireload      tcbn65lptc1d0_ccs
fusion_unit_5          ZeroWireload      tcbn65lptc1d0_ccs
fusion_unit_6          ZeroWireload      tcbn65lptc1d0_ccs
fusion_unit_7          ZeroWireload      tcbn65lptc1d0_ccs
fusion_unit_8          ZeroWireload      tcbn65lptc1d0_ccs
fusion_unit_9          ZeroWireload      tcbn65lptc1d0_ccs
fusion_unit_10         ZeroWireload      tcbn65lptc1d0_ccs
fusion_unit_11         ZeroWireload      tcbn65lptc1d0_ccs
fusion_unit_12         ZeroWireload      tcbn65lptc1d0_ccs
fusion_unit_13         ZeroWireload      tcbn65lptc1d0_ccs
accumulator_0          ZeroWireload      tcbn65lptc1d0_ccs
accumulator_1          ZeroWireload      tcbn65lptc1d0_ccs
accumulator_2          ZeroWireload      tcbn65lptc1d0_ccs
bit_brick_0            ZeroWireload      tcbn65lptc1d0_ccs
bit_brick_1            ZeroWireload      tcbn65lptc1d0_ccs
bit_brick_2            ZeroWireload      tcbn65lptc1d0_ccs
bit_brick_3            ZeroWireload      tcbn65lptc1d0_ccs
bit_brick_4            ZeroWireload      tcbn65lptc1d0_ccs
bit_brick_5            ZeroWireload      tcbn65lptc1d0_ccs
bit_brick_6            ZeroWireload      tcbn65lptc1d0_ccs
bit_brick_7            ZeroWireload      tcbn65lptc1d0_ccs
bit_brick_8            ZeroWireload      tcbn65lptc1d0_ccs
bit_brick_9            ZeroWireload      tcbn65lptc1d0_ccs
bit_brick_10           ZeroWireload      tcbn65lptc1d0_ccs
bit_brick_11           ZeroWireload      tcbn65lptc1d0_ccs
bit_brick_12           ZeroWireload      tcbn65lptc1d0_ccs
bit_brick_13           ZeroWireload      tcbn65lptc1d0_ccs
bit_brick_14           ZeroWireload      tcbn65lptc1d0_ccs
bit_brick_15           ZeroWireload      tcbn65lptc1d0_ccs
bit_brick_16           ZeroWireload      tcbn65lptc1d0_ccs
bit_brick_17           ZeroWireload      tcbn65lptc1d0_ccs
bit_brick_18           ZeroWireload      tcbn65lptc1d0_ccs
bit_brick_19           ZeroWireload      tcbn65lptc1d0_ccs
bit_brick_20           ZeroWireload      tcbn65lptc1d0_ccs
bit_brick_21           ZeroWireload      tcbn65lptc1d0_ccs
bit_brick_22           ZeroWireload      tcbn65lptc1d0_ccs
bit_brick_23           ZeroWireload      tcbn65lptc1d0_ccs
bit_brick_24           ZeroWireload      tcbn65lptc1d0_ccs
bit_brick_25           ZeroWireload      tcbn65lptc1d0_ccs
bit_brick_26           ZeroWireload      tcbn65lptc1d0_ccs
bit_brick_27           ZeroWireload      tcbn65lptc1d0_ccs
bit_brick_28           ZeroWireload      tcbn65lptc1d0_ccs
bit_brick_29           ZeroWireload      tcbn65lptc1d0_ccs
bit_brick_30           ZeroWireload      tcbn65lptc1d0_ccs
bit_brick_31           ZeroWireload      tcbn65lptc1d0_ccs
bit_brick_32           ZeroWireload      tcbn65lptc1d0_ccs
bit_brick_33           ZeroWireload      tcbn65lptc1d0_ccs
bit_brick_34           ZeroWireload      tcbn65lptc1d0_ccs
bit_brick_35           ZeroWireload      tcbn65lptc1d0_ccs
bit_brick_36           ZeroWireload      tcbn65lptc1d0_ccs
bit_brick_37           ZeroWireload      tcbn65lptc1d0_ccs
bit_brick_38           ZeroWireload      tcbn65lptc1d0_ccs
bit_brick_39           ZeroWireload      tcbn65lptc1d0_ccs
bit_brick_40           ZeroWireload      tcbn65lptc1d0_ccs
bit_brick_41           ZeroWireload      tcbn65lptc1d0_ccs
bit_brick_42           ZeroWireload      tcbn65lptc1d0_ccs
bit_brick_43           ZeroWireload      tcbn65lptc1d0_ccs
bit_brick_44           ZeroWireload      tcbn65lptc1d0_ccs
bit_brick_45           ZeroWireload      tcbn65lptc1d0_ccs
bit_brick_46           ZeroWireload      tcbn65lptc1d0_ccs
bit_brick_47           ZeroWireload      tcbn65lptc1d0_ccs
bit_brick_48           ZeroWireload      tcbn65lptc1d0_ccs
bit_brick_49           ZeroWireload      tcbn65lptc1d0_ccs
bit_brick_50           ZeroWireload      tcbn65lptc1d0_ccs
bit_brick_51           ZeroWireload      tcbn65lptc1d0_ccs
bit_brick_52           ZeroWireload      tcbn65lptc1d0_ccs
bit_brick_53           ZeroWireload      tcbn65lptc1d0_ccs
bit_brick_54           ZeroWireload      tcbn65lptc1d0_ccs
bit_brick_55           ZeroWireload      tcbn65lptc1d0_ccs
bit_brick_56           ZeroWireload      tcbn65lptc1d0_ccs
bit_brick_57           ZeroWireload      tcbn65lptc1d0_ccs
bit_brick_58           ZeroWireload      tcbn65lptc1d0_ccs
bit_brick_59           ZeroWireload      tcbn65lptc1d0_ccs
bit_brick_60           ZeroWireload      tcbn65lptc1d0_ccs
bit_brick_61           ZeroWireload      tcbn65lptc1d0_ccs
bit_brick_62           ZeroWireload      tcbn65lptc1d0_ccs
bit_brick_63           ZeroWireload      tcbn65lptc1d0_ccs
bit_brick_64           ZeroWireload      tcbn65lptc1d0_ccs
bit_brick_65           ZeroWireload      tcbn65lptc1d0_ccs
bit_brick_66           ZeroWireload      tcbn65lptc1d0_ccs
bit_brick_67           ZeroWireload      tcbn65lptc1d0_ccs
bit_brick_68           ZeroWireload      tcbn65lptc1d0_ccs
bit_brick_69           ZeroWireload      tcbn65lptc1d0_ccs
bit_brick_70           ZeroWireload      tcbn65lptc1d0_ccs
bit_brick_71           ZeroWireload      tcbn65lptc1d0_ccs
bit_brick_72           ZeroWireload      tcbn65lptc1d0_ccs
bit_brick_73           ZeroWireload      tcbn65lptc1d0_ccs
bit_brick_74           ZeroWireload      tcbn65lptc1d0_ccs
bit_brick_75           ZeroWireload      tcbn65lptc1d0_ccs
bit_brick_76           ZeroWireload      tcbn65lptc1d0_ccs
bit_brick_77           ZeroWireload      tcbn65lptc1d0_ccs
bit_brick_78           ZeroWireload      tcbn65lptc1d0_ccs
bit_brick_79           ZeroWireload      tcbn65lptc1d0_ccs
bit_brick_80           ZeroWireload      tcbn65lptc1d0_ccs
bit_brick_81           ZeroWireload      tcbn65lptc1d0_ccs
bit_brick_82           ZeroWireload      tcbn65lptc1d0_ccs
bit_brick_83           ZeroWireload      tcbn65lptc1d0_ccs
bit_brick_84           ZeroWireload      tcbn65lptc1d0_ccs
bit_brick_85           ZeroWireload      tcbn65lptc1d0_ccs
bit_brick_86           ZeroWireload      tcbn65lptc1d0_ccs
bit_brick_87           ZeroWireload      tcbn65lptc1d0_ccs
bit_brick_88           ZeroWireload      tcbn65lptc1d0_ccs
bit_brick_89           ZeroWireload      tcbn65lptc1d0_ccs
bit_brick_90           ZeroWireload      tcbn65lptc1d0_ccs
bit_brick_91           ZeroWireload      tcbn65lptc1d0_ccs
bit_brick_92           ZeroWireload      tcbn65lptc1d0_ccs
bit_brick_93           ZeroWireload      tcbn65lptc1d0_ccs
bit_brick_94           ZeroWireload      tcbn65lptc1d0_ccs
bit_brick_95           ZeroWireload      tcbn65lptc1d0_ccs
bit_brick_96           ZeroWireload      tcbn65lptc1d0_ccs
bit_brick_97           ZeroWireload      tcbn65lptc1d0_ccs
bit_brick_98           ZeroWireload      tcbn65lptc1d0_ccs
bit_brick_99           ZeroWireload      tcbn65lptc1d0_ccs
bit_brick_100          ZeroWireload      tcbn65lptc1d0_ccs
bit_brick_101          ZeroWireload      tcbn65lptc1d0_ccs
bit_brick_102          ZeroWireload      tcbn65lptc1d0_ccs
bit_brick_103          ZeroWireload      tcbn65lptc1d0_ccs
bit_brick_104          ZeroWireload      tcbn65lptc1d0_ccs
bit_brick_105          ZeroWireload      tcbn65lptc1d0_ccs
bit_brick_106          ZeroWireload      tcbn65lptc1d0_ccs
bit_brick_107          ZeroWireload      tcbn65lptc1d0_ccs
bit_brick_108          ZeroWireload      tcbn65lptc1d0_ccs
bit_brick_109          ZeroWireload      tcbn65lptc1d0_ccs
bit_brick_110          ZeroWireload      tcbn65lptc1d0_ccs
bit_brick_111          ZeroWireload      tcbn65lptc1d0_ccs
bit_brick_112          ZeroWireload      tcbn65lptc1d0_ccs
bit_brick_113          ZeroWireload      tcbn65lptc1d0_ccs
bit_brick_114          ZeroWireload      tcbn65lptc1d0_ccs
bit_brick_115          ZeroWireload      tcbn65lptc1d0_ccs
bit_brick_116          ZeroWireload      tcbn65lptc1d0_ccs
bit_brick_117          ZeroWireload      tcbn65lptc1d0_ccs
bit_brick_118          ZeroWireload      tcbn65lptc1d0_ccs
bit_brick_119          ZeroWireload      tcbn65lptc1d0_ccs
bit_brick_120          ZeroWireload      tcbn65lptc1d0_ccs
bit_brick_121          ZeroWireload      tcbn65lptc1d0_ccs
bit_brick_122          ZeroWireload      tcbn65lptc1d0_ccs
bit_brick_123          ZeroWireload      tcbn65lptc1d0_ccs
bit_brick_124          ZeroWireload      tcbn65lptc1d0_ccs
bit_brick_125          ZeroWireload      tcbn65lptc1d0_ccs
bit_brick_126          ZeroWireload      tcbn65lptc1d0_ccs
bit_brick_127          ZeroWireload      tcbn65lptc1d0_ccs
bit_brick_128          ZeroWireload      tcbn65lptc1d0_ccs
bit_brick_129          ZeroWireload      tcbn65lptc1d0_ccs
bit_brick_130          ZeroWireload      tcbn65lptc1d0_ccs
bit_brick_131          ZeroWireload      tcbn65lptc1d0_ccs
bit_brick_132          ZeroWireload      tcbn65lptc1d0_ccs
bit_brick_133          ZeroWireload      tcbn65lptc1d0_ccs
bit_brick_134          ZeroWireload      tcbn65lptc1d0_ccs
bit_brick_135          ZeroWireload      tcbn65lptc1d0_ccs
bit_brick_136          ZeroWireload      tcbn65lptc1d0_ccs
bit_brick_137          ZeroWireload      tcbn65lptc1d0_ccs
bit_brick_138          ZeroWireload      tcbn65lptc1d0_ccs
bit_brick_139          ZeroWireload      tcbn65lptc1d0_ccs
bit_brick_140          ZeroWireload      tcbn65lptc1d0_ccs
bit_brick_141          ZeroWireload      tcbn65lptc1d0_ccs
bit_brick_142          ZeroWireload      tcbn65lptc1d0_ccs
bit_brick_143          ZeroWireload      tcbn65lptc1d0_ccs
bit_brick_144          ZeroWireload      tcbn65lptc1d0_ccs
bit_brick_145          ZeroWireload      tcbn65lptc1d0_ccs
bit_brick_146          ZeroWireload      tcbn65lptc1d0_ccs
bit_brick_147          ZeroWireload      tcbn65lptc1d0_ccs
bit_brick_148          ZeroWireload      tcbn65lptc1d0_ccs
bit_brick_149          ZeroWireload      tcbn65lptc1d0_ccs
bit_brick_150          ZeroWireload      tcbn65lptc1d0_ccs
bit_brick_151          ZeroWireload      tcbn65lptc1d0_ccs
bit_brick_152          ZeroWireload      tcbn65lptc1d0_ccs
bit_brick_153          ZeroWireload      tcbn65lptc1d0_ccs
bit_brick_154          ZeroWireload      tcbn65lptc1d0_ccs
bit_brick_155          ZeroWireload      tcbn65lptc1d0_ccs
bit_brick_156          ZeroWireload      tcbn65lptc1d0_ccs
bit_brick_157          ZeroWireload      tcbn65lptc1d0_ccs
bit_brick_158          ZeroWireload      tcbn65lptc1d0_ccs
bit_brick_159          ZeroWireload      tcbn65lptc1d0_ccs
bit_brick_160          ZeroWireload      tcbn65lptc1d0_ccs
bit_brick_161          ZeroWireload      tcbn65lptc1d0_ccs
bit_brick_162          ZeroWireload      tcbn65lptc1d0_ccs
bit_brick_163          ZeroWireload      tcbn65lptc1d0_ccs
bit_brick_164          ZeroWireload      tcbn65lptc1d0_ccs
bit_brick_165          ZeroWireload      tcbn65lptc1d0_ccs
bit_brick_166          ZeroWireload      tcbn65lptc1d0_ccs
bit_brick_167          ZeroWireload      tcbn65lptc1d0_ccs
bit_brick_168          ZeroWireload      tcbn65lptc1d0_ccs
bit_brick_169          ZeroWireload      tcbn65lptc1d0_ccs
bit_brick_170          ZeroWireload      tcbn65lptc1d0_ccs
bit_brick_171          ZeroWireload      tcbn65lptc1d0_ccs
bit_brick_172          ZeroWireload      tcbn65lptc1d0_ccs
bit_brick_173          ZeroWireload      tcbn65lptc1d0_ccs
bit_brick_174          ZeroWireload      tcbn65lptc1d0_ccs
bit_brick_175          ZeroWireload      tcbn65lptc1d0_ccs
bit_brick_176          ZeroWireload      tcbn65lptc1d0_ccs
bit_brick_177          ZeroWireload      tcbn65lptc1d0_ccs
bit_brick_178          ZeroWireload      tcbn65lptc1d0_ccs
bit_brick_179          ZeroWireload      tcbn65lptc1d0_ccs
bit_brick_180          ZeroWireload      tcbn65lptc1d0_ccs
bit_brick_181          ZeroWireload      tcbn65lptc1d0_ccs
bit_brick_182          ZeroWireload      tcbn65lptc1d0_ccs
bit_brick_183          ZeroWireload      tcbn65lptc1d0_ccs
bit_brick_184          ZeroWireload      tcbn65lptc1d0_ccs
bit_brick_185          ZeroWireload      tcbn65lptc1d0_ccs
bit_brick_186          ZeroWireload      tcbn65lptc1d0_ccs
bit_brick_187          ZeroWireload      tcbn65lptc1d0_ccs
bit_brick_188          ZeroWireload      tcbn65lptc1d0_ccs
bit_brick_189          ZeroWireload      tcbn65lptc1d0_ccs
bit_brick_190          ZeroWireload      tcbn65lptc1d0_ccs
bit_brick_191          ZeroWireload      tcbn65lptc1d0_ccs
bit_brick_192          ZeroWireload      tcbn65lptc1d0_ccs
bit_brick_193          ZeroWireload      tcbn65lptc1d0_ccs
bit_brick_194          ZeroWireload      tcbn65lptc1d0_ccs
bit_brick_195          ZeroWireload      tcbn65lptc1d0_ccs
bit_brick_196          ZeroWireload      tcbn65lptc1d0_ccs
bit_brick_197          ZeroWireload      tcbn65lptc1d0_ccs
bit_brick_198          ZeroWireload      tcbn65lptc1d0_ccs
bit_brick_199          ZeroWireload      tcbn65lptc1d0_ccs
bit_brick_200          ZeroWireload      tcbn65lptc1d0_ccs
bit_brick_201          ZeroWireload      tcbn65lptc1d0_ccs
bit_brick_202          ZeroWireload      tcbn65lptc1d0_ccs
bit_brick_203          ZeroWireload      tcbn65lptc1d0_ccs
bit_brick_204          ZeroWireload      tcbn65lptc1d0_ccs
bit_brick_205          ZeroWireload      tcbn65lptc1d0_ccs
bit_brick_206          ZeroWireload      tcbn65lptc1d0_ccs
bit_brick_207          ZeroWireload      tcbn65lptc1d0_ccs
bit_brick_208          ZeroWireload      tcbn65lptc1d0_ccs
bit_brick_209          ZeroWireload      tcbn65lptc1d0_ccs
bit_brick_210          ZeroWireload      tcbn65lptc1d0_ccs
bit_brick_211          ZeroWireload      tcbn65lptc1d0_ccs
bit_brick_212          ZeroWireload      tcbn65lptc1d0_ccs
bit_brick_213          ZeroWireload      tcbn65lptc1d0_ccs
bit_brick_214          ZeroWireload      tcbn65lptc1d0_ccs
bit_brick_215          ZeroWireload      tcbn65lptc1d0_ccs
bit_brick_216          ZeroWireload      tcbn65lptc1d0_ccs
bit_brick_217          ZeroWireload      tcbn65lptc1d0_ccs
bit_brick_218          ZeroWireload      tcbn65lptc1d0_ccs
bit_brick_219          ZeroWireload      tcbn65lptc1d0_ccs
bit_brick_220          ZeroWireload      tcbn65lptc1d0_ccs
bit_brick_221          ZeroWireload      tcbn65lptc1d0_ccs
bit_brick_222          ZeroWireload      tcbn65lptc1d0_ccs
bit_brick_223          ZeroWireload      tcbn65lptc1d0_ccs
bit_brick_224          ZeroWireload      tcbn65lptc1d0_ccs
bit_brick_225          ZeroWireload      tcbn65lptc1d0_ccs
bit_brick_226          ZeroWireload      tcbn65lptc1d0_ccs
bit_brick_227          ZeroWireload      tcbn65lptc1d0_ccs
bit_brick_228          ZeroWireload      tcbn65lptc1d0_ccs
bit_brick_229          ZeroWireload      tcbn65lptc1d0_ccs
bit_brick_230          ZeroWireload      tcbn65lptc1d0_ccs
bit_brick_231          ZeroWireload      tcbn65lptc1d0_ccs
bit_brick_232          ZeroWireload      tcbn65lptc1d0_ccs
bit_brick_233          ZeroWireload      tcbn65lptc1d0_ccs
bit_brick_234          ZeroWireload      tcbn65lptc1d0_ccs
bit_brick_235          ZeroWireload      tcbn65lptc1d0_ccs
bit_brick_236          ZeroWireload      tcbn65lptc1d0_ccs
bit_brick_237          ZeroWireload      tcbn65lptc1d0_ccs
bit_brick_238          ZeroWireload      tcbn65lptc1d0_ccs
bit_brick_239          ZeroWireload      tcbn65lptc1d0_ccs
bit_brick_240          ZeroWireload      tcbn65lptc1d0_ccs
bit_brick_241          ZeroWireload      tcbn65lptc1d0_ccs
bit_brick_242          ZeroWireload      tcbn65lptc1d0_ccs
bit_brick_243          ZeroWireload      tcbn65lptc1d0_ccs
bit_brick_244          ZeroWireload      tcbn65lptc1d0_ccs
bit_brick_245          ZeroWireload      tcbn65lptc1d0_ccs
bit_brick_246          ZeroWireload      tcbn65lptc1d0_ccs
bit_brick_247          ZeroWireload      tcbn65lptc1d0_ccs
bit_brick_248          ZeroWireload      tcbn65lptc1d0_ccs
bit_brick_249          ZeroWireload      tcbn65lptc1d0_ccs
bit_brick_250          ZeroWireload      tcbn65lptc1d0_ccs
bit_brick_251          ZeroWireload      tcbn65lptc1d0_ccs
bit_brick_252          ZeroWireload      tcbn65lptc1d0_ccs
bit_brick_253          ZeroWireload      tcbn65lptc1d0_ccs
bit_brick_254          ZeroWireload      tcbn65lptc1d0_ccs
shift_add_0            ZeroWireload      tcbn65lptc1d0_ccs
shift_add_1            ZeroWireload      tcbn65lptc1d0_ccs
shift_add_2            ZeroWireload      tcbn65lptc1d0_ccs
shift_add_3            ZeroWireload      tcbn65lptc1d0_ccs
shift_add_4            ZeroWireload      tcbn65lptc1d0_ccs
shift_add_5            ZeroWireload      tcbn65lptc1d0_ccs
shift_add_6            ZeroWireload      tcbn65lptc1d0_ccs
shift_add_7            ZeroWireload      tcbn65lptc1d0_ccs
shift_add_8            ZeroWireload      tcbn65lptc1d0_ccs
shift_add_9            ZeroWireload      tcbn65lptc1d0_ccs
shift_add_10           ZeroWireload      tcbn65lptc1d0_ccs
shift_add_11           ZeroWireload      tcbn65lptc1d0_ccs
shift_add_12           ZeroWireload      tcbn65lptc1d0_ccs
shift_add_13           ZeroWireload      tcbn65lptc1d0_ccs
shift_add_14           ZeroWireload      tcbn65lptc1d0_ccs
accumulator_0_DW01_add_0
                       ZeroWireload      tcbn65lptc1d0_ccs
accumulator_1_DW01_add_0_DW01_add_1
                       ZeroWireload      tcbn65lptc1d0_ccs
accumulator_2_DW01_add_0_DW01_add_2
                       ZeroWireload      tcbn65lptc1d0_ccs
accumulator_3_DW01_add_0_DW01_add_3
                       ZeroWireload      tcbn65lptc1d0_ccs
fusion_unit_0_DW01_add_0_DW01_add_4
                       ZeroWireload      tcbn65lptc1d0_ccs
fusion_unit_1_DW01_add_0_DW01_add_5
                       ZeroWireload      tcbn65lptc1d0_ccs
fusion_unit_2_DW01_add_0_DW01_add_6
                       ZeroWireload      tcbn65lptc1d0_ccs
fusion_unit_3_DW01_add_0_DW01_add_7
                       ZeroWireload      tcbn65lptc1d0_ccs
fusion_unit_4_DW01_add_0_DW01_add_8
                       ZeroWireload      tcbn65lptc1d0_ccs
fusion_unit_5_DW01_add_0_DW01_add_9
                       ZeroWireload      tcbn65lptc1d0_ccs
fusion_unit_6_DW01_add_0_DW01_add_10
                       ZeroWireload      tcbn65lptc1d0_ccs
fusion_unit_7_DW01_add_0_DW01_add_11
                       ZeroWireload      tcbn65lptc1d0_ccs
fusion_unit_8_DW01_add_0_DW01_add_12
                       ZeroWireload      tcbn65lptc1d0_ccs
fusion_unit_9_DW01_add_0_DW01_add_13
                       ZeroWireload      tcbn65lptc1d0_ccs
fusion_unit_10_DW01_add_0_DW01_add_14
                       ZeroWireload      tcbn65lptc1d0_ccs
fusion_unit_11_DW01_add_0_DW01_add_15
                       ZeroWireload      tcbn65lptc1d0_ccs
fusion_unit_12_DW01_add_0_DW01_add_16
                       ZeroWireload      tcbn65lptc1d0_ccs
fusion_unit_13_DW01_add_0_DW01_add_17
                       ZeroWireload      tcbn65lptc1d0_ccs
fusion_unit_14_DW01_add_0_DW01_add_18
                       ZeroWireload      tcbn65lptc1d0_ccs
fusion_unit_15_DW01_add_0_DW01_add_19
                       ZeroWireload      tcbn65lptc1d0_ccs
shift_add_13_DW01_add_0_DW01_add_20
                       ZeroWireload      tcbn65lptc1d0_ccs
shift_add_13_DW01_add_1_DW01_add_21
                       ZeroWireload      tcbn65lptc1d0_ccs
shift_add_13_DW01_add_2_DW01_add_22
                       ZeroWireload      tcbn65lptc1d0_ccs
shift_add_13_DW01_add_3_DW01_add_23
                       ZeroWireload      tcbn65lptc1d0_ccs
shift_add_13_DW01_add_4_DW01_add_24
                       ZeroWireload      tcbn65lptc1d0_ccs
shift_add_13_DW01_add_5_DW01_add_25
                       ZeroWireload      tcbn65lptc1d0_ccs
shift_add_13_DW01_add_6_DW01_add_26
                       ZeroWireload      tcbn65lptc1d0_ccs
shift_add_13_DW01_add_14_DW01_add_34
                       ZeroWireload      tcbn65lptc1d0_ccs
shift_add_12_DW01_add_0_DW01_add_35
                       ZeroWireload      tcbn65lptc1d0_ccs
shift_add_12_DW01_add_1_DW01_add_36
                       ZeroWireload      tcbn65lptc1d0_ccs
shift_add_12_DW01_add_2_DW01_add_37
                       ZeroWireload      tcbn65lptc1d0_ccs
shift_add_12_DW01_add_3_DW01_add_38
                       ZeroWireload      tcbn65lptc1d0_ccs
shift_add_12_DW01_add_4_DW01_add_39
                       ZeroWireload      tcbn65lptc1d0_ccs
shift_add_12_DW01_add_5_DW01_add_40
                       ZeroWireload      tcbn65lptc1d0_ccs
shift_add_12_DW01_add_6_DW01_add_41
                       ZeroWireload      tcbn65lptc1d0_ccs
shift_add_12_DW01_add_14_DW01_add_49
                       ZeroWireload      tcbn65lptc1d0_ccs
shift_add_11_DW01_add_0_DW01_add_50
                       ZeroWireload      tcbn65lptc1d0_ccs
shift_add_11_DW01_add_1_DW01_add_51
                       ZeroWireload      tcbn65lptc1d0_ccs
shift_add_11_DW01_add_2_DW01_add_52
                       ZeroWireload      tcbn65lptc1d0_ccs
shift_add_11_DW01_add_3_DW01_add_53
                       ZeroWireload      tcbn65lptc1d0_ccs
shift_add_11_DW01_add_4_DW01_add_54
                       ZeroWireload      tcbn65lptc1d0_ccs
shift_add_11_DW01_add_5_DW01_add_55
                       ZeroWireload      tcbn65lptc1d0_ccs
shift_add_11_DW01_add_6_DW01_add_56
                       ZeroWireload      tcbn65lptc1d0_ccs
shift_add_11_DW01_add_14_DW01_add_64
                       ZeroWireload      tcbn65lptc1d0_ccs
shift_add_10_DW01_add_0_DW01_add_65
                       ZeroWireload      tcbn65lptc1d0_ccs
shift_add_10_DW01_add_1_DW01_add_66
                       ZeroWireload      tcbn65lptc1d0_ccs
shift_add_10_DW01_add_2_DW01_add_67
                       ZeroWireload      tcbn65lptc1d0_ccs
shift_add_10_DW01_add_3_DW01_add_68
                       ZeroWireload      tcbn65lptc1d0_ccs
shift_add_10_DW01_add_4_DW01_add_69
                       ZeroWireload      tcbn65lptc1d0_ccs
shift_add_10_DW01_add_5_DW01_add_70
                       ZeroWireload      tcbn65lptc1d0_ccs
shift_add_10_DW01_add_6_DW01_add_71
                       ZeroWireload      tcbn65lptc1d0_ccs
shift_add_10_DW01_add_14_DW01_add_79
                       ZeroWireload      tcbn65lptc1d0_ccs
shift_add_9_DW01_add_0_DW01_add_80
                       ZeroWireload      tcbn65lptc1d0_ccs
shift_add_9_DW01_add_1_DW01_add_81
                       ZeroWireload      tcbn65lptc1d0_ccs
shift_add_9_DW01_add_2_DW01_add_82
                       ZeroWireload      tcbn65lptc1d0_ccs
shift_add_9_DW01_add_3_DW01_add_83
                       ZeroWireload      tcbn65lptc1d0_ccs
shift_add_9_DW01_add_4_DW01_add_84
                       ZeroWireload      tcbn65lptc1d0_ccs
shift_add_9_DW01_add_5_DW01_add_85
                       ZeroWireload      tcbn65lptc1d0_ccs
shift_add_9_DW01_add_6_DW01_add_86
                       ZeroWireload      tcbn65lptc1d0_ccs
shift_add_9_DW01_add_14_DW01_add_94
                       ZeroWireload      tcbn65lptc1d0_ccs
shift_add_8_DW01_add_0_DW01_add_95
                       ZeroWireload      tcbn65lptc1d0_ccs
shift_add_8_DW01_add_1_DW01_add_96
                       ZeroWireload      tcbn65lptc1d0_ccs
shift_add_8_DW01_add_2_DW01_add_97
                       ZeroWireload      tcbn65lptc1d0_ccs
shift_add_8_DW01_add_3_DW01_add_98
                       ZeroWireload      tcbn65lptc1d0_ccs
shift_add_8_DW01_add_4_DW01_add_99
                       ZeroWireload      tcbn65lptc1d0_ccs
shift_add_8_DW01_add_5_DW01_add_100
                       ZeroWireload      tcbn65lptc1d0_ccs
shift_add_8_DW01_add_6_DW01_add_101
                       ZeroWireload      tcbn65lptc1d0_ccs
shift_add_8_DW01_add_14_DW01_add_109
                       ZeroWireload      tcbn65lptc1d0_ccs
shift_add_7_DW01_add_0_DW01_add_110
                       ZeroWireload      tcbn65lptc1d0_ccs
shift_add_7_DW01_add_1_DW01_add_111
                       ZeroWireload      tcbn65lptc1d0_ccs
shift_add_7_DW01_add_2_DW01_add_112
                       ZeroWireload      tcbn65lptc1d0_ccs
shift_add_7_DW01_add_3_DW01_add_113
                       ZeroWireload      tcbn65lptc1d0_ccs
shift_add_7_DW01_add_4_DW01_add_114
                       ZeroWireload      tcbn65lptc1d0_ccs
shift_add_7_DW01_add_5_DW01_add_115
                       ZeroWireload      tcbn65lptc1d0_ccs
shift_add_7_DW01_add_6_DW01_add_116
                       ZeroWireload      tcbn65lptc1d0_ccs
shift_add_7_DW01_add_14_DW01_add_124
                       ZeroWireload      tcbn65lptc1d0_ccs
shift_add_6_DW01_add_0_DW01_add_125
                       ZeroWireload      tcbn65lptc1d0_ccs
shift_add_6_DW01_add_1_DW01_add_126
                       ZeroWireload      tcbn65lptc1d0_ccs
shift_add_6_DW01_add_2_DW01_add_127
                       ZeroWireload      tcbn65lptc1d0_ccs
shift_add_6_DW01_add_3_DW01_add_128
                       ZeroWireload      tcbn65lptc1d0_ccs
shift_add_6_DW01_add_4_DW01_add_129
                       ZeroWireload      tcbn65lptc1d0_ccs
shift_add_6_DW01_add_5_DW01_add_130
                       ZeroWireload      tcbn65lptc1d0_ccs
shift_add_6_DW01_add_6_DW01_add_131
                       ZeroWireload      tcbn65lptc1d0_ccs
shift_add_6_DW01_add_14_DW01_add_139
                       ZeroWireload      tcbn65lptc1d0_ccs
shift_add_5_DW01_add_0_DW01_add_140
                       ZeroWireload      tcbn65lptc1d0_ccs
shift_add_5_DW01_add_1_DW01_add_141
                       ZeroWireload      tcbn65lptc1d0_ccs
shift_add_5_DW01_add_2_DW01_add_142
                       ZeroWireload      tcbn65lptc1d0_ccs
shift_add_5_DW01_add_3_DW01_add_143
                       ZeroWireload      tcbn65lptc1d0_ccs
shift_add_5_DW01_add_4_DW01_add_144
                       ZeroWireload      tcbn65lptc1d0_ccs
shift_add_5_DW01_add_5_DW01_add_145
                       ZeroWireload      tcbn65lptc1d0_ccs
shift_add_5_DW01_add_6_DW01_add_146
                       ZeroWireload      tcbn65lptc1d0_ccs
shift_add_5_DW01_add_14_DW01_add_154
                       ZeroWireload      tcbn65lptc1d0_ccs
shift_add_4_DW01_add_0_DW01_add_155
                       ZeroWireload      tcbn65lptc1d0_ccs
shift_add_4_DW01_add_1_DW01_add_156
                       ZeroWireload      tcbn65lptc1d0_ccs
shift_add_4_DW01_add_2_DW01_add_157
                       ZeroWireload      tcbn65lptc1d0_ccs
shift_add_4_DW01_add_3_DW01_add_158
                       ZeroWireload      tcbn65lptc1d0_ccs
shift_add_4_DW01_add_4_DW01_add_159
                       ZeroWireload      tcbn65lptc1d0_ccs
shift_add_4_DW01_add_5_DW01_add_160
                       ZeroWireload      tcbn65lptc1d0_ccs
shift_add_4_DW01_add_6_DW01_add_161
                       ZeroWireload      tcbn65lptc1d0_ccs
shift_add_4_DW01_add_14_DW01_add_169
                       ZeroWireload      tcbn65lptc1d0_ccs
shift_add_3_DW01_add_0_DW01_add_170
                       ZeroWireload      tcbn65lptc1d0_ccs
shift_add_3_DW01_add_1_DW01_add_171
                       ZeroWireload      tcbn65lptc1d0_ccs
shift_add_3_DW01_add_2_DW01_add_172
                       ZeroWireload      tcbn65lptc1d0_ccs
shift_add_3_DW01_add_3_DW01_add_173
                       ZeroWireload      tcbn65lptc1d0_ccs
shift_add_3_DW01_add_4_DW01_add_174
                       ZeroWireload      tcbn65lptc1d0_ccs
shift_add_3_DW01_add_5_DW01_add_175
                       ZeroWireload      tcbn65lptc1d0_ccs
shift_add_3_DW01_add_6_DW01_add_176
                       ZeroWireload      tcbn65lptc1d0_ccs
shift_add_3_DW01_add_14_DW01_add_184
                       ZeroWireload      tcbn65lptc1d0_ccs
shift_add_2_DW01_add_0_DW01_add_185
                       ZeroWireload      tcbn65lptc1d0_ccs
shift_add_2_DW01_add_1_DW01_add_186
                       ZeroWireload      tcbn65lptc1d0_ccs
shift_add_2_DW01_add_2_DW01_add_187
                       ZeroWireload      tcbn65lptc1d0_ccs
shift_add_2_DW01_add_3_DW01_add_188
                       ZeroWireload      tcbn65lptc1d0_ccs
shift_add_2_DW01_add_4_DW01_add_189
                       ZeroWireload      tcbn65lptc1d0_ccs
shift_add_2_DW01_add_5_DW01_add_190
                       ZeroWireload      tcbn65lptc1d0_ccs
shift_add_2_DW01_add_6_DW01_add_191
                       ZeroWireload      tcbn65lptc1d0_ccs
shift_add_2_DW01_add_14_DW01_add_199
                       ZeroWireload      tcbn65lptc1d0_ccs
shift_add_1_DW01_add_0_DW01_add_200
                       ZeroWireload      tcbn65lptc1d0_ccs
shift_add_1_DW01_add_1_DW01_add_201
                       ZeroWireload      tcbn65lptc1d0_ccs
shift_add_1_DW01_add_2_DW01_add_202
                       ZeroWireload      tcbn65lptc1d0_ccs
shift_add_1_DW01_add_3_DW01_add_203
                       ZeroWireload      tcbn65lptc1d0_ccs
shift_add_1_DW01_add_4_DW01_add_204
                       ZeroWireload      tcbn65lptc1d0_ccs
shift_add_1_DW01_add_5_DW01_add_205
                       ZeroWireload      tcbn65lptc1d0_ccs
shift_add_1_DW01_add_6_DW01_add_206
                       ZeroWireload      tcbn65lptc1d0_ccs
shift_add_1_DW01_add_14_DW01_add_214
                       ZeroWireload      tcbn65lptc1d0_ccs
shift_add_0_DW01_add_0_DW01_add_215
                       ZeroWireload      tcbn65lptc1d0_ccs
shift_add_0_DW01_add_1_DW01_add_216
                       ZeroWireload      tcbn65lptc1d0_ccs
shift_add_0_DW01_add_2_DW01_add_217
                       ZeroWireload      tcbn65lptc1d0_ccs
shift_add_0_DW01_add_3_DW01_add_218
                       ZeroWireload      tcbn65lptc1d0_ccs
shift_add_0_DW01_add_4_DW01_add_219
                       ZeroWireload      tcbn65lptc1d0_ccs
shift_add_0_DW01_add_5_DW01_add_220
                       ZeroWireload      tcbn65lptc1d0_ccs
shift_add_0_DW01_add_6_DW01_add_221
                       ZeroWireload      tcbn65lptc1d0_ccs
shift_add_0_DW01_add_14_DW01_add_229
                       ZeroWireload      tcbn65lptc1d0_ccs
shift_add_14_DW01_add_0_DW01_add_230
                       ZeroWireload      tcbn65lptc1d0_ccs
shift_add_14_DW01_add_1_DW01_add_231
                       ZeroWireload      tcbn65lptc1d0_ccs
shift_add_14_DW01_add_2_DW01_add_232
                       ZeroWireload      tcbn65lptc1d0_ccs
shift_add_14_DW01_add_3_DW01_add_233
                       ZeroWireload      tcbn65lptc1d0_ccs
shift_add_14_DW01_add_4_DW01_add_234
                       ZeroWireload      tcbn65lptc1d0_ccs
shift_add_14_DW01_add_5_DW01_add_235
                       ZeroWireload      tcbn65lptc1d0_ccs
shift_add_14_DW01_add_6_DW01_add_236
                       ZeroWireload      tcbn65lptc1d0_ccs
shift_add_14_DW01_add_14_DW01_add_244
                       ZeroWireload      tcbn65lptc1d0_ccs
shift_add_15_DW01_add_0_DW01_add_245
                       ZeroWireload      tcbn65lptc1d0_ccs
shift_add_15_DW01_add_1_DW01_add_246
                       ZeroWireload      tcbn65lptc1d0_ccs
shift_add_15_DW01_add_2_DW01_add_247
                       ZeroWireload      tcbn65lptc1d0_ccs
shift_add_15_DW01_add_3_DW01_add_248
                       ZeroWireload      tcbn65lptc1d0_ccs
shift_add_15_DW01_add_4_DW01_add_249
                       ZeroWireload      tcbn65lptc1d0_ccs
shift_add_15_DW01_add_5_DW01_add_250
                       ZeroWireload      tcbn65lptc1d0_ccs
shift_add_15_DW01_add_6_DW01_add_251
                       ZeroWireload      tcbn65lptc1d0_ccs
shift_add_15_DW01_add_14_DW01_add_259
                       ZeroWireload      tcbn65lptc1d0_ccs


Global Operating Voltage = 1    
Power-specific unit information :
    Voltage Units = 1V
    Capacitance Units = 1.000000pf
    Time Units = 1ns
    Dynamic Power Units = 1mW    (derived from V,C,T units)
    Leakage Power Units = 1nW


  Cell Internal Power  =   1.7196 mW   (95%)
  Net Switching Power  =  87.8085 uW    (5%)
                         ---------
Total Dynamic Power    =   1.8074 mW  (100%)

Cell Leakage Power     =   3.3342 uW


                 Internal         Switching           Leakage            Total
Power Group      Power            Power               Power              Power   (   %    )  Attrs
--------------------------------------------------------------------------------------------------
io_pad             0.0000            0.0000            0.0000            0.0000  (   0.00%)
memory             0.0000            0.0000            0.0000            0.0000  (   0.00%)
black_box          0.0000            0.0000            0.0000            0.0000  (   0.00%)
clock_network      0.0000            0.0000            0.0000            0.0000  (   0.00%)
register           1.6399        1.1797e-02          360.5801            1.6521  (  91.24%)
sequential         0.0000            0.0000            0.0000            0.0000  (   0.00%)
combinational  7.9717e-02        7.6012e-02        2.9735e+03            0.1587  (   8.76%)
--------------------------------------------------------------------------------------------------
Total              1.7196 mW     8.7809e-02 mW     3.3341e+03 nW         1.8108 mW
1
