 
****************************************
Report : area
Design : bitfusion
Version: P-2019.03-SP5-6
Date   : Thu May  8 20:10:00 2025
****************************************

Library(s) Used:

    tcbn65lptc1d0_ccs (File: /home/sparclab/a/li4509/TSMC2024/tcbn65lp_220a/tcbn65lp_220a/TSMCHOME/digital/Front_End/timing_power_noise/CCS/tcbn65lp_200a/tcbn65lptc1d0_ccs.db)

Number of ports:                        25596
Number of nets:                         57626
Number of cells:                        27486
Number of combinational cells:          24662
Number of sequential cells:              2344
Number of macros/black boxes:               0
Number of buf/inv:                       4394
Number of references:                      62

Combinational area:              93884.760915
Buf/Inv area:                     4954.320196
Noncombinational area:           20522.880257
Macro/Black Box area:                0.000000
Net Interconnect area:      undefined  (Wire load has zero net area)

Total cell area:                114407.641171
Total area:                 undefined
1
